<?xml version="1.0" encoding="utf-8"?>
<shfbBuild product="Sandcastle Help File Builder and Tools" version="2024.12.15.0" projectFile="C:\Users\agdip\OneDrive\Documents\TBC Files\L6-Sem1\ASE\boose\Documentations\Documentations.shfbproj" started="15-01-2025 13:25:09">
<buildStep step="Initializing">
The Sandcastle tools are located in &#39;C:\Program Files (x86)\EWSoftware\Sandcastle Help File Builder&#39;
Locating components in the following folder(s):
    C:\Users\agdip\OneDrive\Documents\TBC Files\L6-Sem1\ASE\boose\Documentations
    C:\ProgramData\EWSoftware\Sandcastle Help File Builder\Components and Plug-Ins
    C:\Program Files (x86)\EWSoftware\Sandcastle Help File Builder\Components
Using framework reflection data for &#39;.NET Framework 4.7.2&#39; located in &#39;C:\Program Files (x86)\EWSoftware\Sandcastle Help File Builder\Data\.NETFramework&#39;
Using presentation style &#39;Default2022&#39; located in &#39;C:\Program Files (x86)\EWSoftware\Sandcastle Help File Builder\Components\Default2022&#39;
Loading and initializing plug-ins...
Website Table of Contents Generator Version 2024.12.15.0
Copyright &#169; 2006-2024, Eric Woodruff, All Rights Reserved
-------------------------------
Clearing any prior web/markdown output...
</buildStep>
<buildStep step="ValidatingDocumentationSources">
Validating and copying documentation source information
Source: C:\Users\agdip\OneDrive\Documents\TBC Files\L6-Sem1\ASE\boose\mainweb\bin\Debug\net8.0\mainweb.xml
Source: C:\Users\agdip\OneDrive\Documents\TBC Files\L6-Sem1\ASE\boose\mainweb\bin\Debug\net8.0\mainweb.dll
    Found assembly &#39;C:\Users\agdip\OneDrive\Documents\TBC Files\L6-Sem1\ASE\boose\mainweb\bin\Debug\net8.0\mainweb.dll&#39;

Copying XML comments files
    C:\Users\agdip\OneDrive\Documents\TBC Files\L6-Sem1\ASE\boose\mainweb\bin\Debug\net8.0\mainweb.xml -&gt; C:\Users\agdip\OneDrive\Documents\TBC Files\L6-Sem1\ASE\boose\Documentations\Help\Working\mainweb.xml
</buildStep>
<buildStep step="GenerateSharedContent">
Generating shared content files (en-US, English (United States))...
    Last step completed in 00:00:00.0010
</buildStep>
<buildStep step="GenerateApiFilter">
Generating API filter for MRefBuilder...
    Last step completed in 00:00:00.0010
</buildStep>
<buildStep step="GenerateReflectionInfo">
Generating reflection information...
[C:\Program Files\Microsoft Visual Studio\2022\Community\MSBuild\Current\Bin\amd64\MSBuild.exe - GenerateRefInfo-c2b394d3-67aa-4ffa-a04e-eb7eb48a000d.proj]
Build started 15-01-2025 13:25:09.

Project &quot;C:\Users\agdip\OneDrive\Documents\TBC Files\L6-Sem1\ASE\boose\Documentations\Help\Working\GenerateRefInfo-c2b394d3-67aa-4ffa-a04e-eb7eb48a000d.proj&quot; on node 1 (default targets).
PrepareForBuild:
  Creating directory &quot;obj\Debug\&quot;.
GenerateRefInfo:
  Microsoft.Build (v17.12.12+1cce77968bca1366760f361c837ffbc3a6af70f0)
  c Microsoft Corporation. All rights reserved.
  No source code context base path specified.  Source context information is unavailable.
  Loaded 1 assemblies for reflection and 1 dependency assemblies.
MRefBuilder : warning : Ignoring unresolved assembly reference: Microsoft.AspNetCore.Mvc.RazorPages (Microsoft.AspNetCore.Mvc.RazorPages, Version=8.0.0.0, Culture=neutral, PublicKeyToken=adb9793829ddae60) required by mainweb [C:\Users\agdip\OneDrive\Documents\TBC Files\L6-Sem1\ASE\boose\Documentations\Help\Working\GenerateRefInfo-c2b394d3-67aa-4ffa-a04e-eb7eb48a000d.proj]
MRefBuilder : warning : Ignoring unresolved assembly reference: Microsoft.AspNetCore.Mvc.Razor (Microsoft.AspNetCore.Mvc.Razor, Version=8.0.0.0, Culture=neutral, PublicKeyToken=adb9793829ddae60) required by mainweb [C:\Users\agdip\OneDrive\Documents\TBC Files\L6-Sem1\ASE\boose\Documentations\Help\Working\GenerateRefInfo-c2b394d3-67aa-4ffa-a04e-eb7eb48a000d.proj]
MRefBuilder : warning : Ignoring unresolved assembly reference: Microsoft.Extensions.Logging.Abstractions (Microsoft.Extensions.Logging.Abstractions, Version=8.0.0.0, Culture=neutral, PublicKeyToken=adb9793829ddae60) required by mainweb [C:\Users\agdip\OneDrive\Documents\TBC Files\L6-Sem1\ASE\boose\Documentations\Help\Working\GenerateRefInfo-c2b394d3-67aa-4ffa-a04e-eb7eb48a000d.proj]
MRefBuilder : warning : Ignoring unresolved assembly reference: Microsoft.AspNetCore.Mvc.ViewFeatures (Microsoft.AspNetCore.Mvc.ViewFeatures, Version=8.0.0.0, Culture=neutral, PublicKeyToken=adb9793829ddae60) required by mainweb [C:\Users\agdip\OneDrive\Documents\TBC Files\L6-Sem1\ASE\boose\Documentations\Help\Working\GenerateRefInfo-c2b394d3-67aa-4ffa-a04e-eb7eb48a000d.proj]
MRefBuilder : warning : Ignoring unresolved assembly reference: Microsoft.AspNetCore.Mvc.Abstractions (Microsoft.AspNetCore.Mvc.Abstractions, Version=8.0.0.0, Culture=neutral, PublicKeyToken=adb9793829ddae60) required by mainweb [C:\Users\agdip\OneDrive\Documents\TBC Files\L6-Sem1\ASE\boose\Documentations\Help\Working\GenerateRefInfo-c2b394d3-67aa-4ffa-a04e-eb7eb48a000d.proj]
MRefBuilder : warning : Ignoring unresolved assembly reference: Microsoft.AspNetCore.Razor.Runtime (Microsoft.AspNetCore.Razor.Runtime, Version=8.0.0.0, Culture=neutral, PublicKeyToken=adb9793829ddae60) required by mainweb [C:\Users\agdip\OneDrive\Documents\TBC Files\L6-Sem1\ASE\boose\Documentations\Help\Working\GenerateRefInfo-c2b394d3-67aa-4ffa-a04e-eb7eb48a000d.proj]
MRefBuilder : warning : Ignoring unresolved assembly reference: System.Linq.Expressions (System.Linq.Expressions, Version=8.0.0.0, Culture=neutral, PublicKeyToken=b03f5f7f11d50a3a) required by mainweb [C:\Users\agdip\OneDrive\Documents\TBC Files\L6-Sem1\ASE\boose\Documentations\Help\Working\GenerateRefInfo-c2b394d3-67aa-4ffa-a04e-eb7eb48a000d.proj]
MRefBuilder : warning : Ignoring unresolved assembly reference: Microsoft.AspNetCore.Razor (Microsoft.AspNetCore.Razor, Version=8.0.0.0, Culture=neutral, PublicKeyToken=adb9793829ddae60) required by mainweb [C:\Users\agdip\OneDrive\Documents\TBC Files\L6-Sem1\ASE\boose\Documentations\Help\Working\GenerateRefInfo-c2b394d3-67aa-4ffa-a04e-eb7eb48a000d.proj]
MRefBuilder : warning : Ignoring unresolved assembly reference: Microsoft.AspNetCore.Mvc.TagHelpers (Microsoft.AspNetCore.Mvc.TagHelpers, Version=8.0.0.0, Culture=neutral, PublicKeyToken=adb9793829ddae60) required by mainweb [C:\Users\agdip\OneDrive\Documents\TBC Files\L6-Sem1\ASE\boose\Documentations\Help\Working\GenerateRefInfo-c2b394d3-67aa-4ffa-a04e-eb7eb48a000d.proj]
MRefBuilder : warning : Ignoring unresolved assembly reference: Microsoft.AspNetCore.Html.Abstractions (Microsoft.AspNetCore.Html.Abstractions, Version=8.0.0.0, Culture=neutral, PublicKeyToken=adb9793829ddae60) required by mainweb [C:\Users\agdip\OneDrive\Documents\TBC Files\L6-Sem1\ASE\boose\Documentations\Help\Working\GenerateRefInfo-c2b394d3-67aa-4ffa-a04e-eb7eb48a000d.proj]
MRefBuilder : warning : Ignoring unresolved assembly reference: Microsoft.AspNetCore.Mvc.Core (Microsoft.AspNetCore.Mvc.Core, Version=8.0.0.0, Culture=neutral, PublicKeyToken=adb9793829ddae60) required by mainweb [C:\Users\agdip\OneDrive\Documents\TBC Files\L6-Sem1\ASE\boose\Documentations\Help\Working\GenerateRefInfo-c2b394d3-67aa-4ffa-a04e-eb7eb48a000d.proj]
MRefBuilder : warning : Ignoring unresolved assembly reference: System.Runtime.Loader (System.Runtime.Loader, Version=8.0.0.0, Culture=neutral, PublicKeyToken=b03f5f7f11d50a3a) required by mainweb [C:\Users\agdip\OneDrive\Documents\TBC Files\L6-Sem1\ASE\boose\Documentations\Help\Working\GenerateRefInfo-c2b394d3-67aa-4ffa-a04e-eb7eb48a000d.proj]
  Wrote information on 1 namespaces, 3 types, and 8 members
  Merging duplicate type and member information
  Merged 0 duplicate type(s) and 0 duplicate member(s)
Done Building Project &quot;C:\Users\agdip\OneDrive\Documents\TBC Files\L6-Sem1\ASE\boose\Documentations\Help\Working\GenerateRefInfo-c2b394d3-67aa-4ffa-a04e-eb7eb48a000d.proj&quot; (default targets).
    Last step completed in 00:00:02.1748
</buildStep>
<buildStep step="ApplyDocumentModel">
Applying document model to reflection output...
    Last step completed in 00:00:00.0150
</buildStep>
<buildStep step="AddApiTopicFilenames">
Adding topic filenames to API members...
    Last step completed in 00:00:00.0200
</buildStep>
<buildStep step="GenerateApiTopicManifest">
Generating API topic manifest...
    Last step completed in 00:00:00.0160
</buildStep>
<buildStep step="GenerateNamespaceSummaries">
Generating namespace summary information...
    Last step completed in 00:00:00.0010
</buildStep>
<buildStep step="CopyAdditionalContent">
Copying additional content files...
No additional content to copy
    Last step completed in 00:00:00.0000
</buildStep>
<buildStep step="MergeTablesOfContents">
Merging conceptual and additional tables of contents...
    Last step completed in 00:00:00.0010
</buildStep>
<buildStep step="GenerateIntermediateTableOfContents">
Generating intermediate table of contents file for API content...
Generating conceptual content intermediate TOC file...
    Last step completed in 00:00:00.0180
</buildStep>
<buildStep step="CreateBuildAssemblerConfigs">
Creating Sandcastle configuration files...
    Last step completed in 00:00:00.0828
</buildStep>
<buildStep step="CombiningIntermediateTocFiles">
Combining conceptual and API intermediate TOC files...
    Last step completed in 00:00:00.0010
</buildStep>
<buildStep step="MergeCustomConfigs">
Merging custom build component configurations
C:\Users\agdip\OneDrive\Documents\TBC Files\L6-Sem1\ASE\boose\Documentations\Help\Working\BuildAssembler.config
  Updating reference topic configurations.
  No conceptual content.  Removing conceptual content components.
    Last step completed in 00:00:00.0207
</buildStep>
<buildStep step="BuildTopics">
Building help topics...
<plugIn name="Website Table of Contents Generator" behavior="Before" priority="1000">
Loading TOC info and adding unique IDs to parent nodes
</plugIn>Loading configuration...
Processing topics...
Processed 16 topic(s)
CopyFromIndexComponent: &quot;reflection&quot; in-memory cache entries used: 2 of 15.
CopyFromIndexComponent: &quot;comments&quot; in-memory cache entries used: 1 of 30.
<plugIn name="Website Table of Contents Generator" behavior="After" priority="1000">
Generating TOC fragment files
</plugIn>    Last step completed in 00:00:02.7301
</buildStep>
<buildStep step="CopyStandardHelpContent">
Copying standard help content...
C:\Program Files (x86)\EWSoftware\Sandcastle Help File Builder\Components\Default2022\css\bulma.css -&gt; C:\Users\agdip\OneDrive\Documents\TBC Files\L6-Sem1\ASE\boose\Documentations\Help\Working\Output\Website\css\bulma.css
C:\Program Files (x86)\EWSoftware\Sandcastle Help File Builder\Components\Default2022\css\bulma.css.map -&gt; C:\Users\agdip\OneDrive\Documents\TBC Files\L6-Sem1\ASE\boose\Documentations\Help\Working\Output\Website\css\bulma.css.map
C:\Program Files (x86)\EWSoftware\Sandcastle Help File Builder\Components\Default2022\css\bulma.min.css -&gt; C:\Users\agdip\OneDrive\Documents\TBC Files\L6-Sem1\ASE\boose\Documentations\Help\Working\Output\Website\css\bulma.min.css
C:\Program Files (x86)\EWSoftware\Sandcastle Help File Builder\Components\Default2022\css\font-awesome.css -&gt; C:\Users\agdip\OneDrive\Documents\TBC Files\L6-Sem1\ASE\boose\Documentations\Help\Working\Output\Website\css\font-awesome.css
C:\Program Files (x86)\EWSoftware\Sandcastle Help File Builder\Components\Default2022\css\font-awesome.min.css -&gt; C:\Users\agdip\OneDrive\Documents\TBC Files\L6-Sem1\ASE\boose\Documentations\Help\Working\Output\Website\css\font-awesome.min.css
C:\Program Files (x86)\EWSoftware\Sandcastle Help File Builder\Components\Default2022\css\ja-JP.css -&gt; C:\Users\agdip\OneDrive\Documents\TBC Files\L6-Sem1\ASE\boose\Documentations\Help\Working\Output\Website\css\ja-JP.css
C:\Program Files (x86)\EWSoftware\Sandcastle Help File Builder\Components\Default2022\css\ko-KR.css -&gt; C:\Users\agdip\OneDrive\Documents\TBC Files\L6-Sem1\ASE\boose\Documentations\Help\Working\Output\Website\css\ko-KR.css
C:\Program Files (x86)\EWSoftware\Sandcastle Help File Builder\Components\Default2022\css\presentationStyle.css -&gt; C:\Users\agdip\OneDrive\Documents\TBC Files\L6-Sem1\ASE\boose\Documentations\Help\Working\Output\Website\css\presentationStyle.css
C:\Program Files (x86)\EWSoftware\Sandcastle Help File Builder\Components\Default2022\css\vs.min.css -&gt; C:\Users\agdip\OneDrive\Documents\TBC Files\L6-Sem1\ASE\boose\Documentations\Help\Working\Output\Website\css\vs.min.css
C:\Program Files (x86)\EWSoftware\Sandcastle Help File Builder\Components\Default2022\css\zh-CN.css -&gt; C:\Users\agdip\OneDrive\Documents\TBC Files\L6-Sem1\ASE\boose\Documentations\Help\Working\Output\Website\css\zh-CN.css
C:\Program Files (x86)\EWSoftware\Sandcastle Help File Builder\Components\Default2022\css\zh-TW.css -&gt; C:\Users\agdip\OneDrive\Documents\TBC Files\L6-Sem1\ASE\boose\Documentations\Help\Working\Output\Website\css\zh-TW.css
C:\Program Files (x86)\EWSoftware\Sandcastle Help File Builder\Components\Default2022\icons\favicon.ico -&gt; C:\Users\agdip\OneDrive\Documents\TBC Files\L6-Sem1\ASE\boose\Documentations\Help\Working\Output\Website\icons\favicon.ico
C:\Program Files (x86)\EWSoftware\Sandcastle Help File Builder\Components\Default2022\scripts\clipboard.min.js -&gt; C:\Users\agdip\OneDrive\Documents\TBC Files\L6-Sem1\ASE\boose\Documentations\Help\Working\Output\Website\scripts\clipboard.min.js
C:\Program Files (x86)\EWSoftware\Sandcastle Help File Builder\Components\Default2022\scripts\highlight.min.js -&gt; C:\Users\agdip\OneDrive\Documents\TBC Files\L6-Sem1\ASE\boose\Documentations\Help\Working\Output\Website\scripts\highlight.min.js
C:\Program Files (x86)\EWSoftware\Sandcastle Help File Builder\Components\Default2022\scripts\jquery-3.5.1.min.js -&gt; C:\Users\agdip\OneDrive\Documents\TBC Files\L6-Sem1\ASE\boose\Documentations\Help\Working\Output\Website\scripts\jquery-3.5.1.min.js
C:\Program Files (x86)\EWSoftware\Sandcastle Help File Builder\Components\Default2022\scripts\presentationStyle.js -&gt; C:\Users\agdip\OneDrive\Documents\TBC Files\L6-Sem1\ASE\boose\Documentations\Help\Working\Output\Website\scripts\presentationStyle.js
C:\Program Files (x86)\EWSoftware\Sandcastle Help File Builder\Components\Default2022\webfonts\fa-brands-400.ttf -&gt; C:\Users\agdip\OneDrive\Documents\TBC Files\L6-Sem1\ASE\boose\Documentations\Help\Working\Output\Website\webfonts\fa-brands-400.ttf
C:\Program Files (x86)\EWSoftware\Sandcastle Help File Builder\Components\Default2022\webfonts\fa-brands-400.woff2 -&gt; C:\Users\agdip\OneDrive\Documents\TBC Files\L6-Sem1\ASE\boose\Documentations\Help\Working\Output\Website\webfonts\fa-brands-400.woff2
C:\Program Files (x86)\EWSoftware\Sandcastle Help File Builder\Components\Default2022\webfonts\fa-regular-400.ttf -&gt; C:\Users\agdip\OneDrive\Documents\TBC Files\L6-Sem1\ASE\boose\Documentations\Help\Working\Output\Website\webfonts\fa-regular-400.ttf
C:\Program Files (x86)\EWSoftware\Sandcastle Help File Builder\Components\Default2022\webfonts\fa-regular-400.woff2 -&gt; C:\Users\agdip\OneDrive\Documents\TBC Files\L6-Sem1\ASE\boose\Documentations\Help\Working\Output\Website\webfonts\fa-regular-400.woff2
C:\Program Files (x86)\EWSoftware\Sandcastle Help File Builder\Components\Default2022\webfonts\fa-solid-900.ttf -&gt; C:\Users\agdip\OneDrive\Documents\TBC Files\L6-Sem1\ASE\boose\Documentations\Help\Working\Output\Website\webfonts\fa-solid-900.ttf
C:\Program Files (x86)\EWSoftware\Sandcastle Help File Builder\Components\Default2022\webfonts\fa-solid-900.woff2 -&gt; C:\Users\agdip\OneDrive\Documents\TBC Files\L6-Sem1\ASE\boose\Documentations\Help\Working\Output\Website\webfonts\fa-solid-900.woff2
C:\Program Files (x86)\EWSoftware\Sandcastle Help File Builder\Components\Default2022\webfonts\fa-v4compatibility.ttf -&gt; C:\Users\agdip\OneDrive\Documents\TBC Files\L6-Sem1\ASE\boose\Documentations\Help\Working\Output\Website\webfonts\fa-v4compatibility.ttf
C:\Program Files (x86)\EWSoftware\Sandcastle Help File Builder\Components\Default2022\webfonts\fa-v4compatibility.woff2 -&gt; C:\Users\agdip\OneDrive\Documents\TBC Files\L6-Sem1\ASE\boose\Documentations\Help\Working\Output\Website\webfonts\fa-v4compatibility.woff2
C:\Program Files (x86)\EWSoftware\Sandcastle Help File Builder\Components\Default2022\RootWebsiteContent\GeneralError.html -&gt; C:\Users\agdip\OneDrive\Documents\TBC Files\L6-Sem1\ASE\boose\Documentations\Help\Working\Output\Website\GeneralError.html
C:\Program Files (x86)\EWSoftware\Sandcastle Help File Builder\Components\Default2022\RootWebsiteContent\index.html -&gt; C:\Users\agdip\OneDrive\Documents\TBC Files\L6-Sem1\ASE\boose\Documentations\Help\Working\Output\Website\index.html
C:\Program Files (x86)\EWSoftware\Sandcastle Help File Builder\Components\Default2022\RootWebsiteContent\PageNotFound.html -&gt; C:\Users\agdip\OneDrive\Documents\TBC Files\L6-Sem1\ASE\boose\Documentations\Help\Working\Output\Website\PageNotFound.html
C:\Program Files (x86)\EWSoftware\Sandcastle Help File Builder\Components\Default2022\RootWebsiteContent\search.html -&gt; C:\Users\agdip\OneDrive\Documents\TBC Files\L6-Sem1\ASE\boose\Documentations\Help\Working\Output\Website\search.html
C:\Program Files (x86)\EWSoftware\Sandcastle Help File Builder\Components\Default2022\RootWebsiteContent\SearchHelp.aspx -&gt; C:\Users\agdip\OneDrive\Documents\TBC Files\L6-Sem1\ASE\boose\Documentations\Help\Working\Output\Website\SearchHelp.aspx
C:\Program Files (x86)\EWSoftware\Sandcastle Help File Builder\Components\Default2022\RootWebsiteContent\SearchHelp.inc.php -&gt; C:\Users\agdip\OneDrive\Documents\TBC Files\L6-Sem1\ASE\boose\Documentations\Help\Working\Output\Website\SearchHelp.inc.php
C:\Program Files (x86)\EWSoftware\Sandcastle Help File Builder\Components\Default2022\RootWebsiteContent\SearchHelp.php -&gt; C:\Users\agdip\OneDrive\Documents\TBC Files\L6-Sem1\ASE\boose\Documentations\Help\Working\Output\Website\SearchHelp.php
C:\Program Files (x86)\EWSoftware\Sandcastle Help File Builder\Components\Default2022\RootWebsiteContent\Web.Config -&gt; C:\Users\agdip\OneDrive\Documents\TBC Files\L6-Sem1\ASE\boose\Documentations\Help\Working\Output\Website\Web.Config
    Last step completed in 00:00:00.0300
</buildStep>
<buildStep step="GenerateFullTextIndex">
Generating full-text index for the website...

    Last step completed in 00:00:00.0330
</buildStep>
<buildStep step="CopyingWebsiteFiles">
Copying website files to output folder...

Copied 78 files for the website content
    Last step completed in 00:00:00.0605
</buildStep>
<buildStep step="CleanIntermediates">
Removing intermediate files...
    Last step completed in 00:00:00.0120
</buildStep>
<buildStep step="Completed">

Build completed successfully at 15-01-2025 13:25:14.  Total time: 00:00:05.5900

</buildStep>
</shfbBuild>
